This file contains any messages produced by compilers while
running configure, to aid debugging if configure makes a mistake.

It was created by Body Tracking Benchmark configure 1.0, which was
generated by GNU Autoconf 2.69.  Invocation command line was

  $ ./configure --prefix=/home/mok/tool/delta_v2/instrumentation-skeleton/build/targets/bodytrack/libcallcount --enable-pthreads --disable-openmp --disable-tbb

## --------- ##
## Platform. ##
## --------- ##

hostname = mint
uname -m = x86_64
uname -r = 4.15.0-54-generic
uname -s = Linux
uname -v = #58-Ubuntu SMP Mon Jun 24 10:55:24 UTC 2019

/usr/bin/uname -p = unknown
/bin/uname -X     = unknown

/bin/arch              = unknown
/usr/bin/arch -k       = unknown
/usr/convex/getsysinfo = unknown
/usr/bin/hostinfo      = unknown
/bin/machine           = unknown
/usr/bin/oslevel       = unknown
/bin/universe          = unknown

PATH: /home/mok/tool/delta_v2/instrumentation-skeleton/build/packages/llvm-4.0.0/install/bin
PATH: /home/mok/tool/delta_v2/instrumentation-skeleton/build/packages/ninja-1.8.2/install/bin
PATH: /home/mok/tool/delta_v2/instrumentation-skeleton/build/packages/cmake-3.8.2/install/bin
PATH: /home/mok/tool/delta_v2/instrumentation-skeleton/build/packages/automake-1.15.1/install/bin
PATH: /home/mok/tool/delta_v2/instrumentation-skeleton/build/packages/libtool-2.4.6/install/bin
PATH: /home/mok/tool/delta_v2/instrumentation-skeleton/build/packages/autoconf-2.69/install/bin
PATH: /home/mok/tool/delta_v2/instrumentation-skeleton/build/packages/m4-1.4.18/install/bin
PATH: /home/mok/tool/delta_v2/instrumentation-skeleton/build/packages/binutils-2.31.1-gold/install/bin
PATH: /home/mok/tool/delta_v2/instrumentation-skeleton/build/packages/coreutils-8.22/install/bin
PATH: /home/mok/tool/delta_v2/instrumentation-skeleton/build/packages/bash-4.3/install/bin
PATH: /home/mok/tool/delta_v2/instrumentation-skeleton/build/packages/llvm-4.0.0/install/bin
PATH: /home/mok/tool/delta_v2/instrumentation-skeleton/build/packages/ninja-1.8.2/install/bin
PATH: /home/mok/tool/delta_v2/instrumentation-skeleton/build/packages/cmake-3.8.2/install/bin
PATH: /home/mok/tool/delta_v2/instrumentation-skeleton/build/packages/automake-1.15.1/install/bin
PATH: /home/mok/tool/delta_v2/instrumentation-skeleton/build/packages/libtool-2.4.6/install/bin
PATH: /home/mok/tool/delta_v2/instrumentation-skeleton/build/packages/autoconf-2.69/install/bin
PATH: /home/mok/tool/delta_v2/instrumentation-skeleton/build/packages/m4-1.4.18/install/bin
PATH: /home/mok/tool/delta_v2/instrumentation-skeleton/build/packages/binutils-2.31.1-gold/install/bin
PATH: /home/mok/tool/delta_v2/instrumentation-skeleton/build/packages/coreutils-8.22/install/bin
PATH: /home/mok/tool/delta_v2/instrumentation-skeleton/build/packages/bash-4.3/install/bin
PATH: /home/mok/.local/bin
PATH: /usr/local/sbin
PATH: /usr/local/bin
PATH: /usr/sbin
PATH: /usr/bin
PATH: /sbin
PATH: /bin
PATH: /usr/games
PATH: /usr/local/games
PATH: /home/mok/.local/bin
PATH: /home/mok/project/SVF_/build/bin


## ----------- ##
## Core tests. ##
## ----------- ##

configure:2666: checking for a BSD-compatible install
configure:2734: result: /home/mok/tool/delta_v2/instrumentation-skeleton/build/packages/coreutils-8.22/install/bin/install -c
configure:2745: checking whether build environment is sane
configure:2782: result: yes
configure:2844: checking for gawk
configure:2860: found /usr/bin/gawk
configure:2871: result: gawk
configure:2882: checking whether make sets $(MAKE)
configure:2904: result: yes
configure:3190: checking build system type
configure:3204: result: x86_64-pc-linux-gnu
configure:3224: checking host system type
configure:3237: result: x86_64-pc-linux-gnu
configure:3269: checking for style of include used by make
configure:3297: result: GNU
configure:3370: checking for gcc
configure:3397: result: clang
configure:3626: checking for C compiler version
configure:3635: clang --version >&5
clang version 4.0.0 (tags/RELEASE_400/final)
Target: x86_64-unknown-linux-gnu
Thread model: posix
InstalledDir: /home/mok/tool/delta_v2/instrumentation-skeleton/build/packages/llvm-4.0.0/install/bin
configure:3646: $? = 0
configure:3635: clang -v >&5
clang version 4.0.0 (tags/RELEASE_400/final)
Target: x86_64-unknown-linux-gnu
Thread model: posix
InstalledDir: /home/mok/tool/delta_v2/instrumentation-skeleton/build/packages/llvm-4.0.0/install/bin
Found candidate GCC installation: /usr/lib/gcc/i686-linux-gnu/8
Found candidate GCC installation: /usr/lib/gcc/x86_64-linux-gnu/7
Found candidate GCC installation: /usr/lib/gcc/x86_64-linux-gnu/7.5.0
Found candidate GCC installation: /usr/lib/gcc/x86_64-linux-gnu/8
Selected GCC installation: /usr/lib/gcc/x86_64-linux-gnu/7.5.0
Candidate multilib: .;@m64
... rest of stderr output deleted ...
configure:3646: $? = 0
configure:3635: clang -V >&5
clang-4.0: error: argument to '-V' is missing (expected 1 value)
clang-4.0: error: no input files
configure:3646: $? = 1
configure:3635: clang -qversion >&5
clang-4.0: error: unknown argument: '-qversion'
clang-4.0: error: no input files
configure:3646: $? = 1
configure:3666: checking whether the C compiler works
configure:3688: clang -Xclang -load -Xclang /home/mok/tool/delta_v2/instrumentation-skeleton/build/packages/llvm-passes-skeleton/install/libpasses-opt.so -flto -fpermissive -fno-exceptions -fexceptions -g -I/home/mok/tool/delta_v2/instrumentation-skeleton/bodytrack -I/home/mok/tool/delta_v2/instrumentation-skeleton/bodytrack/FlexImageLib   conftest.c  >&5
configure:3692: $? = 0
configure:3740: result: yes
configure:3743: checking for C compiler default output file name
configure:3745: result: a.out
configure:3751: checking for suffix of executables
configure:3758: clang -o conftest -Xclang -load -Xclang /home/mok/tool/delta_v2/instrumentation-skeleton/build/packages/llvm-passes-skeleton/install/libpasses-opt.so -flto -fpermissive -fno-exceptions -fexceptions -g -I/home/mok/tool/delta_v2/instrumentation-skeleton/bodytrack -I/home/mok/tool/delta_v2/instrumentation-skeleton/bodytrack/FlexImageLib   conftest.c  >&5
configure:3762: $? = 0
configure:3784: result: 
configure:3806: checking whether we are cross compiling
configure:3814: clang -o conftest -Xclang -load -Xclang /home/mok/tool/delta_v2/instrumentation-skeleton/build/packages/llvm-passes-skeleton/install/libpasses-opt.so -flto -fpermissive -fno-exceptions -fexceptions -g -I/home/mok/tool/delta_v2/instrumentation-skeleton/bodytrack -I/home/mok/tool/delta_v2/instrumentation-skeleton/bodytrack/FlexImageLib   conftest.c  >&5
configure:3818: $? = 0
configure:3825: ./conftest
configure:3829: $? = 0
configure:3844: result: no
configure:3849: checking for suffix of object files
configure:3871: clang -c -Xclang -load -Xclang /home/mok/tool/delta_v2/instrumentation-skeleton/build/packages/llvm-passes-skeleton/install/libpasses-opt.so -flto -fpermissive -fno-exceptions -fexceptions -g -I/home/mok/tool/delta_v2/instrumentation-skeleton/bodytrack -I/home/mok/tool/delta_v2/instrumentation-skeleton/bodytrack/FlexImageLib  conftest.c >&5
configure:3875: $? = 0
configure:3896: result: o
configure:3900: checking whether we are using the GNU C compiler
configure:3919: clang -c -Xclang -load -Xclang /home/mok/tool/delta_v2/instrumentation-skeleton/build/packages/llvm-passes-skeleton/install/libpasses-opt.so -flto -fpermissive -fno-exceptions -fexceptions -g -I/home/mok/tool/delta_v2/instrumentation-skeleton/bodytrack -I/home/mok/tool/delta_v2/instrumentation-skeleton/bodytrack/FlexImageLib  conftest.c >&5
configure:3919: $? = 0
configure:3928: result: yes
configure:3937: checking whether clang accepts -g
configure:3957: clang -c -g  conftest.c >&5
configure:3957: $? = 0
configure:3998: result: yes
configure:4015: checking for clang option to accept ISO C89
configure:4078: clang  -c -Xclang -load -Xclang /home/mok/tool/delta_v2/instrumentation-skeleton/build/packages/llvm-passes-skeleton/install/libpasses-opt.so -flto -fpermissive -fno-exceptions -fexceptions -g -I/home/mok/tool/delta_v2/instrumentation-skeleton/bodytrack -I/home/mok/tool/delta_v2/instrumentation-skeleton/bodytrack/FlexImageLib  conftest.c >&5
configure:4078: $? = 0
configure:4091: result: none needed
configure:4113: checking dependency style of clang
configure:4203: result: gcc3
configure:4220: checking for a sed that does not truncate output
configure:4276: result: /bin/sed
configure:4279: checking for grep that handles long lines and -e
configure:4337: result: /bin/grep
configure:4342: checking for egrep
configure:4404: result: /bin/grep -E
configure:4420: checking for ld used by clang
configure:4487: result: /home/mok/tool/delta_v2/instrumentation-skeleton/build/packages/binutils-2.31.1-gold/install/bin/ld
configure:4494: checking if the linker (/home/mok/tool/delta_v2/instrumentation-skeleton/build/packages/binutils-2.31.1-gold/install/bin/ld) is GNU ld
configure:4509: result: yes
configure:4514: checking for /home/mok/tool/delta_v2/instrumentation-skeleton/build/packages/binutils-2.31.1-gold/install/bin/ld option to reload object files
configure:4521: result: -r
configure:4539: checking for BSD-compatible nm
configure:4588: result: /home/mok/tool/delta_v2/instrumentation-skeleton/build/packages/binutils-2.31.1-gold/install/bin/nm -B
configure:4592: checking whether ln -s works
configure:4596: result: yes
configure:4603: checking how to recognise dependent libraries
configure:4779: result: pass_all
configure:4867: clang -c -Xclang -load -Xclang /home/mok/tool/delta_v2/instrumentation-skeleton/build/packages/llvm-passes-skeleton/install/libpasses-opt.so -flto -fpermissive -fno-exceptions -fexceptions -g -I/home/mok/tool/delta_v2/instrumentation-skeleton/bodytrack -I/home/mok/tool/delta_v2/instrumentation-skeleton/bodytrack/FlexImageLib  conftest.c >&5
configure:4870: $? = 0
configure:4988: checking how to run the C preprocessor
configure:5019: clang -E  conftest.c
configure:5019: $? = 0
configure:5033: clang -E  conftest.c
conftest.c:11:10: fatal error: 'ac_nonexistent.h' file not found
#include <ac_nonexistent.h>
         ^~~~~~~~~~~~~~~~~~
1 error generated.
configure:5033: $? = 1
configure: failed program was:
| /* confdefs.h */
| #define PACKAGE_NAME "Body Tracking Benchmark"
| #define PACKAGE_TARNAME "body-tracking-benchmark"
| #define PACKAGE_VERSION "1.0"
| #define PACKAGE_STRING "Body Tracking Benchmark 1.0"
| #define PACKAGE_BUGREPORT "cbienia@cs.princeton.edu"
| #define PACKAGE_URL ""
| #define PACKAGE "body-tracking-benchmark"
| #define VERSION "1.0"
| /* end confdefs.h.  */
| #include <ac_nonexistent.h>
configure:5058: result: clang -E
configure:5078: clang -E  conftest.c
configure:5078: $? = 0
configure:5092: clang -E  conftest.c
conftest.c:11:10: fatal error: 'ac_nonexistent.h' file not found
#include <ac_nonexistent.h>
         ^~~~~~~~~~~~~~~~~~
1 error generated.
configure:5092: $? = 1
configure: failed program was:
| /* confdefs.h */
| #define PACKAGE_NAME "Body Tracking Benchmark"
| #define PACKAGE_TARNAME "body-tracking-benchmark"
| #define PACKAGE_VERSION "1.0"
| #define PACKAGE_STRING "Body Tracking Benchmark 1.0"
| #define PACKAGE_BUGREPORT "cbienia@cs.princeton.edu"
| #define PACKAGE_URL ""
| #define PACKAGE "body-tracking-benchmark"
| #define VERSION "1.0"
| /* end confdefs.h.  */
| #include <ac_nonexistent.h>
configure:5121: checking for ANSI C header files
configure:5141: clang -c -Xclang -load -Xclang /home/mok/tool/delta_v2/instrumentation-skeleton/build/packages/llvm-passes-skeleton/install/libpasses-opt.so -flto -fpermissive -fno-exceptions -fexceptions -g -I/home/mok/tool/delta_v2/instrumentation-skeleton/bodytrack -I/home/mok/tool/delta_v2/instrumentation-skeleton/bodytrack/FlexImageLib  conftest.c >&5
configure:5141: $? = 0
configure:5214: clang -o conftest -Xclang -load -Xclang /home/mok/tool/delta_v2/instrumentation-skeleton/build/packages/llvm-passes-skeleton/install/libpasses-opt.so -flto -fpermissive -fno-exceptions -fexceptions -g -I/home/mok/tool/delta_v2/instrumentation-skeleton/bodytrack -I/home/mok/tool/delta_v2/instrumentation-skeleton/bodytrack/FlexImageLib   conftest.c  >&5
configure:5214: $? = 0
configure:5214: ./conftest
configure:5214: $? = 0
configure:5225: result: yes
configure:5238: checking for sys/types.h
configure:5238: clang -c -Xclang -load -Xclang /home/mok/tool/delta_v2/instrumentation-skeleton/build/packages/llvm-passes-skeleton/install/libpasses-opt.so -flto -fpermissive -fno-exceptions -fexceptions -g -I/home/mok/tool/delta_v2/instrumentation-skeleton/bodytrack -I/home/mok/tool/delta_v2/instrumentation-skeleton/bodytrack/FlexImageLib  conftest.c >&5
configure:5238: $? = 0
configure:5238: result: yes
configure:5238: checking for sys/stat.h
configure:5238: clang -c -Xclang -load -Xclang /home/mok/tool/delta_v2/instrumentation-skeleton/build/packages/llvm-passes-skeleton/install/libpasses-opt.so -flto -fpermissive -fno-exceptions -fexceptions -g -I/home/mok/tool/delta_v2/instrumentation-skeleton/bodytrack -I/home/mok/tool/delta_v2/instrumentation-skeleton/bodytrack/FlexImageLib  conftest.c >&5
configure:5238: $? = 0
configure:5238: result: yes
configure:5238: checking for stdlib.h
configure:5238: clang -c -Xclang -load -Xclang /home/mok/tool/delta_v2/instrumentation-skeleton/build/packages/llvm-passes-skeleton/install/libpasses-opt.so -flto -fpermissive -fno-exceptions -fexceptions -g -I/home/mok/tool/delta_v2/instrumentation-skeleton/bodytrack -I/home/mok/tool/delta_v2/instrumentation-skeleton/bodytrack/FlexImageLib  conftest.c >&5
configure:5238: $? = 0
configure:5238: result: yes
configure:5238: checking for string.h
configure:5238: clang -c -Xclang -load -Xclang /home/mok/tool/delta_v2/instrumentation-skeleton/build/packages/llvm-passes-skeleton/install/libpasses-opt.so -flto -fpermissive -fno-exceptions -fexceptions -g -I/home/mok/tool/delta_v2/instrumentation-skeleton/bodytrack -I/home/mok/tool/delta_v2/instrumentation-skeleton/bodytrack/FlexImageLib  conftest.c >&5
configure:5238: $? = 0
configure:5238: result: yes
configure:5238: checking for memory.h
configure:5238: clang -c -Xclang -load -Xclang /home/mok/tool/delta_v2/instrumentation-skeleton/build/packages/llvm-passes-skeleton/install/libpasses-opt.so -flto -fpermissive -fno-exceptions -fexceptions -g -I/home/mok/tool/delta_v2/instrumentation-skeleton/bodytrack -I/home/mok/tool/delta_v2/instrumentation-skeleton/bodytrack/FlexImageLib  conftest.c >&5
configure:5238: $? = 0
configure:5238: result: yes
configure:5238: checking for strings.h
configure:5238: clang -c -Xclang -load -Xclang /home/mok/tool/delta_v2/instrumentation-skeleton/build/packages/llvm-passes-skeleton/install/libpasses-opt.so -flto -fpermissive -fno-exceptions -fexceptions -g -I/home/mok/tool/delta_v2/instrumentation-skeleton/bodytrack -I/home/mok/tool/delta_v2/instrumentation-skeleton/bodytrack/FlexImageLib  conftest.c >&5
configure:5238: $? = 0
configure:5238: result: yes
configure:5238: checking for inttypes.h
configure:5238: clang -c -Xclang -load -Xclang /home/mok/tool/delta_v2/instrumentation-skeleton/build/packages/llvm-passes-skeleton/install/libpasses-opt.so -flto -fpermissive -fno-exceptions -fexceptions -g -I/home/mok/tool/delta_v2/instrumentation-skeleton/bodytrack -I/home/mok/tool/delta_v2/instrumentation-skeleton/bodytrack/FlexImageLib  conftest.c >&5
configure:5238: $? = 0
configure:5238: result: yes
configure:5238: checking for stdint.h
configure:5238: clang -c -Xclang -load -Xclang /home/mok/tool/delta_v2/instrumentation-skeleton/build/packages/llvm-passes-skeleton/install/libpasses-opt.so -flto -fpermissive -fno-exceptions -fexceptions -g -I/home/mok/tool/delta_v2/instrumentation-skeleton/bodytrack -I/home/mok/tool/delta_v2/instrumentation-skeleton/bodytrack/FlexImageLib  conftest.c >&5
configure:5238: $? = 0
configure:5238: result: yes
configure:5238: checking for unistd.h
configure:5238: clang -c -Xclang -load -Xclang /home/mok/tool/delta_v2/instrumentation-skeleton/build/packages/llvm-passes-skeleton/install/libpasses-opt.so -flto -fpermissive -fno-exceptions -fexceptions -g -I/home/mok/tool/delta_v2/instrumentation-skeleton/bodytrack -I/home/mok/tool/delta_v2/instrumentation-skeleton/bodytrack/FlexImageLib  conftest.c >&5
configure:5238: $? = 0
configure:5238: result: yes
configure:5252: checking dlfcn.h usability
configure:5252: clang -c -Xclang -load -Xclang /home/mok/tool/delta_v2/instrumentation-skeleton/build/packages/llvm-passes-skeleton/install/libpasses-opt.so -flto -fpermissive -fno-exceptions -fexceptions -g -I/home/mok/tool/delta_v2/instrumentation-skeleton/bodytrack -I/home/mok/tool/delta_v2/instrumentation-skeleton/bodytrack/FlexImageLib  conftest.c >&5
configure:5252: $? = 0
configure:5252: result: yes
configure:5252: checking dlfcn.h presence
configure:5252: clang -E  conftest.c
configure:5252: $? = 0
configure:5252: result: yes
configure:5252: checking for dlfcn.h
configure:5252: result: yes
configure:5374: checking for C++ compiler version
configure:5383: clang++ --version >&5
clang version 4.0.0 (tags/RELEASE_400/final)
Target: x86_64-unknown-linux-gnu
Thread model: posix
InstalledDir: /home/mok/tool/delta_v2/instrumentation-skeleton/build/packages/llvm-4.0.0/install/bin
configure:5394: $? = 0
configure:5383: clang++ -v >&5
clang version 4.0.0 (tags/RELEASE_400/final)
Target: x86_64-unknown-linux-gnu
Thread model: posix
InstalledDir: /home/mok/tool/delta_v2/instrumentation-skeleton/build/packages/llvm-4.0.0/install/bin
Found candidate GCC installation: /usr/lib/gcc/i686-linux-gnu/8
Found candidate GCC installation: /usr/lib/gcc/x86_64-linux-gnu/7
Found candidate GCC installation: /usr/lib/gcc/x86_64-linux-gnu/7.5.0
Found candidate GCC installation: /usr/lib/gcc/x86_64-linux-gnu/8
Selected GCC installation: /usr/lib/gcc/x86_64-linux-gnu/7.5.0
Candidate multilib: .;@m64
... rest of stderr output deleted ...
configure:5394: $? = 0
configure:5383: clang++ -V >&5
clang-4.0: error: argument to '-V' is missing (expected 1 value)
clang-4.0: error: no input files
configure:5394: $? = 1
configure:5383: clang++ -qversion >&5
clang-4.0: error: unknown argument: '-qversion'
clang-4.0: error: no input files
configure:5394: $? = 1
configure:5398: checking whether we are using the GNU C++ compiler
configure:5417: clang++ -c -Xclang -load -Xclang /home/mok/tool/delta_v2/instrumentation-skeleton/build/packages/llvm-passes-skeleton/install/libpasses-opt.so -flto -fpermissive -fno-exceptions -fexceptions -g -I/home/mok/tool/delta_v2/instrumentation-skeleton/bodytrack -I/home/mok/tool/delta_v2/instrumentation-skeleton/bodytrack/FlexImageLib -std=c++98   conftest.cpp >&5
configure:5417: $? = 0
configure:5426: result: yes
configure:5435: checking whether clang++ accepts -g
configure:5455: clang++ -c -g  conftest.cpp >&5
configure:5455: $? = 0
configure:5496: result: yes
configure:5521: checking dependency style of clang++
configure:5611: result: gcc3
configure:5638: checking how to run the C++ preprocessor
configure:5665: clang++ -E  conftest.cpp
configure:5665: $? = 0
configure:5679: clang++ -E  conftest.cpp
conftest.cpp:22:10: fatal error: 'ac_nonexistent.h' file not found
#include <ac_nonexistent.h>
         ^~~~~~~~~~~~~~~~~~
1 error generated.
configure:5679: $? = 1
configure: failed program was:
| /* confdefs.h */
| #define PACKAGE_NAME "Body Tracking Benchmark"
| #define PACKAGE_TARNAME "body-tracking-benchmark"
| #define PACKAGE_VERSION "1.0"
| #define PACKAGE_STRING "Body Tracking Benchmark 1.0"
| #define PACKAGE_BUGREPORT "cbienia@cs.princeton.edu"
| #define PACKAGE_URL ""
| #define PACKAGE "body-tracking-benchmark"
| #define VERSION "1.0"
| #define STDC_HEADERS 1
| #define HAVE_SYS_TYPES_H 1
| #define HAVE_SYS_STAT_H 1
| #define HAVE_STDLIB_H 1
| #define HAVE_STRING_H 1
| #define HAVE_MEMORY_H 1
| #define HAVE_STRINGS_H 1
| #define HAVE_INTTYPES_H 1
| #define HAVE_STDINT_H 1
| #define HAVE_UNISTD_H 1
| #define HAVE_DLFCN_H 1
| /* end confdefs.h.  */
| #include <ac_nonexistent.h>
configure:5704: result: clang++ -E
configure:5724: clang++ -E  conftest.cpp
configure:5724: $? = 0
configure:5738: clang++ -E  conftest.cpp
conftest.cpp:22:10: fatal error: 'ac_nonexistent.h' file not found
#include <ac_nonexistent.h>
         ^~~~~~~~~~~~~~~~~~
1 error generated.
configure:5738: $? = 1
configure: failed program was:
| /* confdefs.h */
| #define PACKAGE_NAME "Body Tracking Benchmark"
| #define PACKAGE_TARNAME "body-tracking-benchmark"
| #define PACKAGE_VERSION "1.0"
| #define PACKAGE_STRING "Body Tracking Benchmark 1.0"
| #define PACKAGE_BUGREPORT "cbienia@cs.princeton.edu"
| #define PACKAGE_URL ""
| #define PACKAGE "body-tracking-benchmark"
| #define VERSION "1.0"
| #define STDC_HEADERS 1
| #define HAVE_SYS_TYPES_H 1
| #define HAVE_SYS_STAT_H 1
| #define HAVE_STDLIB_H 1
| #define HAVE_STRING_H 1
| #define HAVE_MEMORY_H 1
| #define HAVE_STRINGS_H 1
| #define HAVE_INTTYPES_H 1
| #define HAVE_STDINT_H 1
| #define HAVE_UNISTD_H 1
| #define HAVE_DLFCN_H 1
| /* end confdefs.h.  */
| #include <ac_nonexistent.h>
configure:5822: checking for g77
configure:5852: result: no
configure:5822: checking for xlf
configure:5852: result: no
configure:5822: checking for f77
configure:5852: result: no
configure:5822: checking for frt
configure:5852: result: no
configure:5822: checking for pgf77
configure:5852: result: no
configure:5822: checking for cf77
configure:5852: result: no
configure:5822: checking for fort77
configure:5852: result: no
configure:5822: checking for fl32
configure:5852: result: no
configure:5822: checking for af77
configure:5852: result: no
configure:5822: checking for xlf90
configure:5852: result: no
configure:5822: checking for f90
configure:5852: result: no
configure:5822: checking for pgf90
configure:5852: result: no
configure:5822: checking for pghpf
configure:5852: result: no
configure:5822: checking for epcf90
configure:5852: result: no
configure:5822: checking for gfortran
configure:5852: result: no
configure:5822: checking for g95
configure:5852: result: no
configure:5822: checking for xlf95
configure:5852: result: no
configure:5822: checking for f95
configure:5852: result: no
configure:5822: checking for fort
configure:5852: result: no
configure:5822: checking for ifort
configure:5852: result: no
configure:5822: checking for ifc
configure:5852: result: no
configure:5822: checking for efc
configure:5852: result: no
configure:5822: checking for pgfortran
configure:5852: result: no
configure:5822: checking for pgf95
configure:5852: result: no
configure:5822: checking for lf95
configure:5852: result: no
configure:5822: checking for ftn
configure:5852: result: no
configure:5822: checking for nagfor
configure:5852: result: no
configure:5875: checking for Fortran 77 compiler version
configure:5884:  --version >&5
./configure: line 5886: --version: command not found
configure:5895: $? = 127
configure:5884:  -v >&5
./configure: line 5886: -v: command not found
configure:5895: $? = 127
configure:5884:  -V >&5
./configure: line 5886: -V: command not found
configure:5895: $? = 127
configure:5884:  -qversion >&5
./configure: line 5886: -qversion: command not found
configure:5895: $? = 127
configure:5904: checking whether we are using the GNU Fortran 77 compiler
configure:5917:  -c  conftest.F >&5
./configure: line 2144: -c: command not found
configure:5917: $? = 127
configure: failed program was:
|       program main
| #ifndef __GNUC__
|        choke me
| #endif
| 
|       end
configure:5926: result: no
configure:5932: checking whether  accepts -g
configure:5943:  -c -g conftest.f >&5
./configure: line 2144: -c: command not found
configure:5943: $? = 127
configure: failed program was:
|       program main
| 
|       end
configure:5951: result: no
configure:5985: checking the maximum length of command line arguments
configure:6094: result: 32768
configure:6105: checking command to parse /home/mok/tool/delta_v2/instrumentation-skeleton/build/packages/binutils-2.31.1-gold/install/bin/nm -B output from clang object
configure:6210: clang -c -Xclang -load -Xclang /home/mok/tool/delta_v2/instrumentation-skeleton/build/packages/llvm-passes-skeleton/install/libpasses-opt.so -flto -fpermissive -fno-exceptions -fexceptions -g -I/home/mok/tool/delta_v2/instrumentation-skeleton/bodytrack -I/home/mok/tool/delta_v2/instrumentation-skeleton/bodytrack/FlexImageLib  conftest.c >&5
configure:6213: $? = 0
configure:6217: /home/mok/tool/delta_v2/instrumentation-skeleton/build/packages/binutils-2.31.1-gold/install/bin/nm -B conftest.o \| sed -n -e 's/^.*[ 	]\([ABCDGIRSTW][ABCDGIRSTW]*\)[ 	][ 	]*\([_A-Za-z][_A-Za-z0-9]*\)$/\1 \2 \2/p' \> conftest.nm
/home/mok/tool/delta_v2/instrumentation-skeleton/build/packages/binutils-2.31.1-gold/install/bin/nm: conftest.o: file format not recognized
configure:6220: $? = 0
cannot run sed -n -e 's/^.*[ 	]\([ABCDGIRSTW][ABCDGIRSTW]*\)[ 	][ 	]*\([_A-Za-z][_A-Za-z0-9]*\)$/\1 \2 \2/p'
configure:6210: clang -c -Xclang -load -Xclang /home/mok/tool/delta_v2/instrumentation-skeleton/build/packages/llvm-passes-skeleton/install/libpasses-opt.so -flto -fpermissive -fno-exceptions -fexceptions -g -I/home/mok/tool/delta_v2/instrumentation-skeleton/bodytrack -I/home/mok/tool/delta_v2/instrumentation-skeleton/bodytrack/FlexImageLib  conftest.c >&5
configure:6213: $? = 0
configure:6217: /home/mok/tool/delta_v2/instrumentation-skeleton/build/packages/binutils-2.31.1-gold/install/bin/nm -B conftest.o \| sed -n -e 's/^.*[ 	]\([ABCDGIRSTW][ABCDGIRSTW]*\)[ 	][ 	]*_\([_A-Za-z][_A-Za-z0-9]*\)$/\1 _\2 \2/p' \> conftest.nm
/home/mok/tool/delta_v2/instrumentation-skeleton/build/packages/binutils-2.31.1-gold/install/bin/nm: conftest.o: file format not recognized
configure:6220: $? = 0
cannot run sed -n -e 's/^.*[ 	]\([ABCDGIRSTW][ABCDGIRSTW]*\)[ 	][ 	]*_\([_A-Za-z][_A-Za-z0-9]*\)$/\1 _\2 \2/p'
configure:6310: result: failed
configure:6317: checking for objdir
configure:6332: result: .libs
configure:6424: checking for ar
configure:6440: found /home/mok/tool/delta_v2/instrumentation-skeleton/build/packages/binutils-2.31.1-gold/install/bin/ar
configure:6451: result: ar
configure:6516: checking for ranlib
configure:6532: found /home/mok/tool/delta_v2/instrumentation-skeleton/build/packages/binutils-2.31.1-gold/install/bin/ranlib
configure:6543: result: ranlib
configure:6608: checking for strip
configure:6624: found /home/mok/tool/delta_v2/instrumentation-skeleton/build/packages/binutils-2.31.1-gold/install/bin/strip
configure:6635: result: strip
configure:6917: checking if clang supports -fno-rtti -fno-exceptions
configure:6935: clang -c -Xclang -load -Xclang /home/mok/tool/delta_v2/instrumentation-skeleton/build/packages/llvm-passes-skeleton/install/libpasses-opt.so -flto -fpermissive -fno-exceptions -fexceptions -g -I/home/mok/tool/delta_v2/instrumentation-skeleton/bodytrack -I/home/mok/tool/delta_v2/instrumentation-skeleton/bodytrack/FlexImageLib  -fno-rtti -fno-exceptions conftest.c >&5
configure:6939: $? = 0
configure:6952: result: yes
configure:6967: checking for clang option to produce PIC
configure:7177: result: -fPIC
configure:7185: checking if clang PIC flag -fPIC works
configure:7203: clang -c -Xclang -load -Xclang /home/mok/tool/delta_v2/instrumentation-skeleton/build/packages/llvm-passes-skeleton/install/libpasses-opt.so -flto -fpermissive -fno-exceptions -fexceptions -g -I/home/mok/tool/delta_v2/instrumentation-skeleton/bodytrack -I/home/mok/tool/delta_v2/instrumentation-skeleton/bodytrack/FlexImageLib  -fPIC -DPIC conftest.c >&5
configure:7207: $? = 0
configure:7220: result: yes
configure:7248: checking if clang static flag -static works
configure:7276: result: yes
configure:7286: checking if clang supports -c -o file.o
configure:7307: clang -c -Xclang -load -Xclang /home/mok/tool/delta_v2/instrumentation-skeleton/build/packages/llvm-passes-skeleton/install/libpasses-opt.so -flto -fpermissive -fno-exceptions -fexceptions -g -I/home/mok/tool/delta_v2/instrumentation-skeleton/bodytrack -I/home/mok/tool/delta_v2/instrumentation-skeleton/bodytrack/FlexImageLib  -o out/conftest2.o conftest.c >&5
configure:7311: $? = 0
configure:7333: result: yes
configure:7359: checking whether the clang linker (/home/mok/tool/delta_v2/instrumentation-skeleton/build/packages/binutils-2.31.1-gold/install/bin/ld) supports shared libraries
configure:8259: result: yes
configure:8280: checking whether -lc should be explicitly linked in
configure:8285: clang -c -Xclang -load -Xclang /home/mok/tool/delta_v2/instrumentation-skeleton/build/packages/llvm-passes-skeleton/install/libpasses-opt.so -flto -fpermissive -fno-exceptions -fexceptions -g -I/home/mok/tool/delta_v2/instrumentation-skeleton/bodytrack -I/home/mok/tool/delta_v2/instrumentation-skeleton/bodytrack/FlexImageLib  conftest.c >&5
configure:8288: $? = 0
configure:8303: clang -shared conftest.o  -v -Wl,-soname -Wl,conftest -o conftest 2\>\&1 \| grep  -lc  \>/dev/null 2\>\&1
configure:8306: $? = 0
configure:8318: result: no
configure:8326: checking dynamic linker characteristics
configure:8719: clang -c -Xclang -load -Xclang /home/mok/tool/delta_v2/instrumentation-skeleton/build/packages/llvm-passes-skeleton/install/libpasses-opt.so -flto -fpermissive -fno-exceptions -fexceptions -g -I/home/mok/tool/delta_v2/instrumentation-skeleton/bodytrack -I/home/mok/tool/delta_v2/instrumentation-skeleton/bodytrack/FlexImageLib  conftest.c >&5
configure:8722: $? = 0
configure:8935: result: GNU/Linux ld.so
configure:8944: checking how to hardcode library paths into programs
configure:8969: result: immediate
configure:8983: checking whether stripping libraries is possible
configure:8988: result: yes
configure:9504: checking if libtool supports shared libraries
configure:9506: result: yes
configure:9509: checking whether to build shared libraries
configure:9530: result: yes
configure:9533: checking whether to build static libraries
configure:9537: result: yes
configure:9629: creating libtool
configure:10216: checking for ld used by clang++
configure:10283: result: /home/mok/tool/delta_v2/instrumentation-skeleton/build/packages/binutils-2.31.1-gold/install/bin/ld
configure:10290: checking if the linker (/home/mok/tool/delta_v2/instrumentation-skeleton/build/packages/binutils-2.31.1-gold/install/bin/ld) is GNU ld
configure:10305: result: yes
configure:10356: checking whether the clang++ linker (/home/mok/tool/delta_v2/instrumentation-skeleton/build/packages/binutils-2.31.1-gold/install/bin/ld) supports shared libraries
configure:11236: result: yes
configure:11254: clang++ -c -Xclang -load -Xclang /home/mok/tool/delta_v2/instrumentation-skeleton/build/packages/llvm-passes-skeleton/install/libpasses-opt.so -flto -fpermissive -fno-exceptions -fexceptions -g -I/home/mok/tool/delta_v2/instrumentation-skeleton/bodytrack -I/home/mok/tool/delta_v2/instrumentation-skeleton/bodytrack/FlexImageLib -std=c++98   conftest.cpp >&5
configure:11257: $? = 0
configure:11376: checking for clang++ option to produce PIC
configure:11650: result: -fPIC
configure:11658: checking if clang++ PIC flag -fPIC works
configure:11676: clang++ -c -Xclang -load -Xclang /home/mok/tool/delta_v2/instrumentation-skeleton/build/packages/llvm-passes-skeleton/install/libpasses-opt.so -flto -fpermissive -fno-exceptions -fexceptions -g -I/home/mok/tool/delta_v2/instrumentation-skeleton/bodytrack -I/home/mok/tool/delta_v2/instrumentation-skeleton/bodytrack/FlexImageLib -std=c++98   -fPIC -DPIC conftest.cpp >&5
configure:11680: $? = 0
configure:11693: result: yes
configure:11721: checking if clang++ static flag -static works
configure:11749: result: yes
configure:11759: checking if clang++ supports -c -o file.o
configure:11780: clang++ -c -Xclang -load -Xclang /home/mok/tool/delta_v2/instrumentation-skeleton/build/packages/llvm-passes-skeleton/install/libpasses-opt.so -flto -fpermissive -fno-exceptions -fexceptions -g -I/home/mok/tool/delta_v2/instrumentation-skeleton/bodytrack -I/home/mok/tool/delta_v2/instrumentation-skeleton/bodytrack/FlexImageLib -std=c++98   -o out/conftest2.o conftest.cpp >&5
configure:11784: $? = 0
configure:11806: result: yes
configure:11832: checking whether the clang++ linker (/home/mok/tool/delta_v2/instrumentation-skeleton/build/packages/binutils-2.31.1-gold/install/bin/ld) supports shared libraries
configure:11857: result: yes
configure:11924: checking dynamic linker characteristics
configure:12317: clang++ -c -Xclang -load -Xclang /home/mok/tool/delta_v2/instrumentation-skeleton/build/packages/llvm-passes-skeleton/install/libpasses-opt.so -flto -fpermissive -fno-exceptions -fexceptions -g -I/home/mok/tool/delta_v2/instrumentation-skeleton/bodytrack -I/home/mok/tool/delta_v2/instrumentation-skeleton/bodytrack/FlexImageLib -std=c++98   conftest.cpp >&5
configure:12320: $? = 0
configure:12533: result: GNU/Linux ld.so
configure:12542: checking how to hardcode library paths into programs
configure:12567: result: immediate
configure:18769: checking for C++ compiler version
configure:18778: clang++ --version >&5
clang version 4.0.0 (tags/RELEASE_400/final)
Target: x86_64-unknown-linux-gnu
Thread model: posix
InstalledDir: /home/mok/tool/delta_v2/instrumentation-skeleton/build/packages/llvm-4.0.0/install/bin
configure:18789: $? = 0
configure:18778: clang++ -v >&5
clang version 4.0.0 (tags/RELEASE_400/final)
Target: x86_64-unknown-linux-gnu
Thread model: posix
InstalledDir: /home/mok/tool/delta_v2/instrumentation-skeleton/build/packages/llvm-4.0.0/install/bin
Found candidate GCC installation: /usr/lib/gcc/i686-linux-gnu/8
Found candidate GCC installation: /usr/lib/gcc/x86_64-linux-gnu/7
Found candidate GCC installation: /usr/lib/gcc/x86_64-linux-gnu/7.5.0
Found candidate GCC installation: /usr/lib/gcc/x86_64-linux-gnu/8
Selected GCC installation: /usr/lib/gcc/x86_64-linux-gnu/7.5.0
Candidate multilib: .;@m64
... rest of stderr output deleted ...
configure:18789: $? = 0
configure:18778: clang++ -V >&5
clang-4.0: error: argument to '-V' is missing (expected 1 value)
clang-4.0: error: no input files
configure:18789: $? = 1
configure:18778: clang++ -qversion >&5
clang-4.0: error: unknown argument: '-qversion'
clang-4.0: error: no input files
configure:18789: $? = 1
configure:18793: checking whether we are using the GNU C++ compiler
configure:18821: result: yes
configure:18830: checking whether clang++ accepts -g
configure:18891: result: yes
configure:18916: checking dependency style of clang++
configure:19006: result: gcc3
configure:19024: checking whether ln -s works
configure:19028: result: yes
configure:19035: checking whether make sets $(MAKE)
configure:19057: result: yes
configure:19069: checking for main in -lpthread
configure:19088: clang -o conftest -Xclang -load -Xclang /home/mok/tool/delta_v2/instrumentation-skeleton/build/packages/llvm-passes-skeleton/install/libpasses-opt.so -flto -fpermissive -fno-exceptions -fexceptions -g -I/home/mok/tool/delta_v2/instrumentation-skeleton/bodytrack -I/home/mok/tool/delta_v2/instrumentation-skeleton/bodytrack/FlexImageLib   conftest.c -lpthread   >&5
configure:19088: $? = 0
configure:19097: result: yes
configure:19160: checking pthread.h usability
configure:19160: clang -c -Xclang -load -Xclang /home/mok/tool/delta_v2/instrumentation-skeleton/build/packages/llvm-passes-skeleton/install/libpasses-opt.so -flto -fpermissive -fno-exceptions -fexceptions -g -I/home/mok/tool/delta_v2/instrumentation-skeleton/bodytrack -I/home/mok/tool/delta_v2/instrumentation-skeleton/bodytrack/FlexImageLib  conftest.c >&5
configure:19160: $? = 0
configure:19160: result: yes
configure:19160: checking pthread.h presence
configure:19160: clang -E  conftest.c
configure:19160: $? = 0
configure:19160: result: yes
configure:19160: checking for pthread.h
configure:19160: result: yes
configure:19171: checking for stdint.h
configure:19171: result: yes
configure:19183: checking for ANSI C header files
configure:19287: result: yes
configure:19295: checking for stdbool.h that conforms to C99
configure:19362: clang -c -Xclang -load -Xclang /home/mok/tool/delta_v2/instrumentation-skeleton/build/packages/llvm-passes-skeleton/install/libpasses-opt.so -flto -fpermissive -fno-exceptions -fexceptions -g -I/home/mok/tool/delta_v2/instrumentation-skeleton/bodytrack -I/home/mok/tool/delta_v2/instrumentation-skeleton/bodytrack/FlexImageLib  conftest.c >&5
conftest.c:74:24: warning: address of 's' will always evaluate to 'true' [-Wpointer-bool-conversion]
             bool e = &s;
                  ~    ^
conftest.c:78:23: warning: address of array 'a' will always evaluate to 'true' [-Wpointer-bool-conversion]
             return (!a + !b + !c + !d + !e + !f + !g + !h + !i + !!j + !k + !!l
                     ~^
conftest.c:78:28: warning: address of array 'b' will always evaluate to 'true' [-Wpointer-bool-conversion]
             return (!a + !b + !c + !d + !e + !f + !g + !h + !i + !!j + !k + !!l
                          ~^
conftest.c:78:33: warning: address of array 'c' will always evaluate to 'true' [-Wpointer-bool-conversion]
             return (!a + !b + !c + !d + !e + !f + !g + !h + !i + !!j + !k + !!l
                               ~^
conftest.c:78:38: warning: address of array 'd' will always evaluate to 'true' [-Wpointer-bool-conversion]
             return (!a + !b + !c + !d + !e + !f + !g + !h + !i + !!j + !k + !!l
                                    ~^
conftest.c:78:48: warning: address of array 'f' will always evaluate to 'true' [-Wpointer-bool-conversion]
             return (!a + !b + !c + !d + !e + !f + !g + !h + !i + !!j + !k + !!l
                                              ~^
conftest.c:78:53: warning: address of array 'g' will always evaluate to 'true' [-Wpointer-bool-conversion]
             return (!a + !b + !c + !d + !e + !f + !g + !h + !i + !!j + !k + !!l
                                                   ~^
conftest.c:78:58: warning: address of array 'h' will always evaluate to 'true' [-Wpointer-bool-conversion]
             return (!a + !b + !c + !d + !e + !f + !g + !h + !i + !!j + !k + !!l
                                                        ~^
conftest.c:78:63: warning: address of array 'i' will always evaluate to 'true' [-Wpointer-bool-conversion]
             return (!a + !b + !c + !d + !e + !f + !g + !h + !i + !!j + !k + !!l
                                                             ~^
conftest.c:79:30: warning: address of array 'n' will always evaluate to 'true' [-Wpointer-bool-conversion]
                            ~^
conftest.c:79:35: warning: address of array 'o' will always evaluate to 'true' [-Wpointer-bool-conversion]
                                 ~^
conftest.c:79:40: warning: address of array 'p' will always evaluate to 'true' [-Wpointer-bool-conversion]
                                      ~^
12 warnings generated.
configure:19362: $? = 0
configure:19369: result: yes
configure:19371: checking for _Bool
configure:19371: clang -c -Xclang -load -Xclang /home/mok/tool/delta_v2/instrumentation-skeleton/build/packages/llvm-passes-skeleton/install/libpasses-opt.so -flto -fpermissive -fno-exceptions -fexceptions -g -I/home/mok/tool/delta_v2/instrumentation-skeleton/bodytrack -I/home/mok/tool/delta_v2/instrumentation-skeleton/bodytrack/FlexImageLib  conftest.c >&5
configure:19371: $? = 0
configure:19371: clang -c -Xclang -load -Xclang /home/mok/tool/delta_v2/instrumentation-skeleton/build/packages/llvm-passes-skeleton/install/libpasses-opt.so -flto -fpermissive -fno-exceptions -fexceptions -g -I/home/mok/tool/delta_v2/instrumentation-skeleton/bodytrack -I/home/mok/tool/delta_v2/instrumentation-skeleton/bodytrack/FlexImageLib  conftest.c >&5
conftest.c:61:20: error: expected expression
if (sizeof ((_Bool)))
                   ^
1 error generated.
configure:19371: $? = 1
configure: failed program was:
| /* confdefs.h */
| #define PACKAGE_NAME "Body Tracking Benchmark"
| #define PACKAGE_TARNAME "body-tracking-benchmark"
| #define PACKAGE_VERSION "1.0"
| #define PACKAGE_STRING "Body Tracking Benchmark 1.0"
| #define PACKAGE_BUGREPORT "cbienia@cs.princeton.edu"
| #define PACKAGE_URL ""
| #define PACKAGE "body-tracking-benchmark"
| #define VERSION "1.0"
| #define STDC_HEADERS 1
| #define HAVE_SYS_TYPES_H 1
| #define HAVE_SYS_STAT_H 1
| #define HAVE_STDLIB_H 1
| #define HAVE_STRING_H 1
| #define HAVE_MEMORY_H 1
| #define HAVE_STRINGS_H 1
| #define HAVE_INTTYPES_H 1
| #define HAVE_STDINT_H 1
| #define HAVE_UNISTD_H 1
| #define HAVE_DLFCN_H 1
| #define HAVE_LIBPTHREAD 1
| #define HAVE_STDINT_H 1
| #define STDC_HEADERS 1
| /* end confdefs.h.  */
| #include <stdio.h>
| #ifdef HAVE_SYS_TYPES_H
| # include <sys/types.h>
| #endif
| #ifdef HAVE_SYS_STAT_H
| # include <sys/stat.h>
| #endif
| #ifdef STDC_HEADERS
| # include <stdlib.h>
| # include <stddef.h>
| #else
| # ifdef HAVE_STDLIB_H
| #  include <stdlib.h>
| # endif
| #endif
| #ifdef HAVE_STRING_H
| # if !defined STDC_HEADERS && defined HAVE_MEMORY_H
| #  include <memory.h>
| # endif
| # include <string.h>
| #endif
| #ifdef HAVE_STRINGS_H
| # include <strings.h>
| #endif
| #ifdef HAVE_INTTYPES_H
| # include <inttypes.h>
| #endif
| #ifdef HAVE_STDINT_H
| # include <stdint.h>
| #endif
| #ifdef HAVE_UNISTD_H
| # include <unistd.h>
| #endif
| int
| main ()
| {
| if (sizeof ((_Bool)))
| 	    return 0;
|   ;
|   return 0;
| }
configure:19371: result: yes
configure:19388: checking whether time.h and sys/time.h may both be included
configure:19408: clang -c -Xclang -load -Xclang /home/mok/tool/delta_v2/instrumentation-skeleton/build/packages/llvm-passes-skeleton/install/libpasses-opt.so -flto -fpermissive -fno-exceptions -fexceptions -g -I/home/mok/tool/delta_v2/instrumentation-skeleton/bodytrack -I/home/mok/tool/delta_v2/instrumentation-skeleton/bodytrack/FlexImageLib  conftest.c >&5
configure:19408: $? = 0
configure:19415: result: yes
configure:19423: checking for an ANSI C-conforming const
configure:19489: clang -c -Xclang -load -Xclang /home/mok/tool/delta_v2/instrumentation-skeleton/build/packages/llvm-passes-skeleton/install/libpasses-opt.so -flto -fpermissive -fno-exceptions -fexceptions -g -I/home/mok/tool/delta_v2/instrumentation-skeleton/bodytrack -I/home/mok/tool/delta_v2/instrumentation-skeleton/bodytrack/FlexImageLib  conftest.c >&5
configure:19489: $? = 0
configure:19496: result: yes
configure:19504: checking for inline
configure:19520: clang -c -Xclang -load -Xclang /home/mok/tool/delta_v2/instrumentation-skeleton/build/packages/llvm-passes-skeleton/install/libpasses-opt.so -flto -fpermissive -fno-exceptions -fexceptions -g -I/home/mok/tool/delta_v2/instrumentation-skeleton/bodytrack -I/home/mok/tool/delta_v2/instrumentation-skeleton/bodytrack/FlexImageLib  conftest.c >&5
configure:19520: $? = 0
configure:19528: result: inline
configure:19552: checking for memset
configure:19552: clang -o conftest -Xclang -load -Xclang /home/mok/tool/delta_v2/instrumentation-skeleton/build/packages/llvm-passes-skeleton/install/libpasses-opt.so -flto -fpermissive -fno-exceptions -fexceptions -g -I/home/mok/tool/delta_v2/instrumentation-skeleton/bodytrack -I/home/mok/tool/delta_v2/instrumentation-skeleton/bodytrack/FlexImageLib   conftest.c -lpthread  >&5
conftest.c:51:6: warning: incompatible redeclaration of library function 'memset' [-Wincompatible-library-redeclaration]
char memset ();
     ^
conftest.c:51:6: note: 'memset' is a builtin with type 'void *(void *, int, unsigned long)'
1 warning generated.
configure:19552: $? = 0
configure:19552: result: yes
configure:19552: checking for sqrt
configure:19552: clang -o conftest -Xclang -load -Xclang /home/mok/tool/delta_v2/instrumentation-skeleton/build/packages/llvm-passes-skeleton/install/libpasses-opt.so -flto -fpermissive -fno-exceptions -fexceptions -g -I/home/mok/tool/delta_v2/instrumentation-skeleton/bodytrack -I/home/mok/tool/delta_v2/instrumentation-skeleton/bodytrack/FlexImageLib   conftest.c -lpthread  >&5
conftest.c:52:6: warning: incompatible redeclaration of library function 'sqrt' [-Wincompatible-library-redeclaration]
char sqrt ();
     ^
conftest.c:52:6: note: 'sqrt' is a builtin with type 'double (double)'
1 warning generated.
conftest.c:63: error: undefined reference to 'sqrt'
clang-4.0: error: linker command failed with exit code 1 (use -v to see invocation)
configure:19552: $? = 1
configure: failed program was:
| /* confdefs.h */
| #define PACKAGE_NAME "Body Tracking Benchmark"
| #define PACKAGE_TARNAME "body-tracking-benchmark"
| #define PACKAGE_VERSION "1.0"
| #define PACKAGE_STRING "Body Tracking Benchmark 1.0"
| #define PACKAGE_BUGREPORT "cbienia@cs.princeton.edu"
| #define PACKAGE_URL ""
| #define PACKAGE "body-tracking-benchmark"
| #define VERSION "1.0"
| #define STDC_HEADERS 1
| #define HAVE_SYS_TYPES_H 1
| #define HAVE_SYS_STAT_H 1
| #define HAVE_STDLIB_H 1
| #define HAVE_STRING_H 1
| #define HAVE_MEMORY_H 1
| #define HAVE_STRINGS_H 1
| #define HAVE_INTTYPES_H 1
| #define HAVE_STDINT_H 1
| #define HAVE_UNISTD_H 1
| #define HAVE_DLFCN_H 1
| #define HAVE_LIBPTHREAD 1
| #define HAVE_STDINT_H 1
| #define STDC_HEADERS 1
| #define HAVE__BOOL 1
| #define HAVE_STDBOOL_H 1
| #define TIME_WITH_SYS_TIME 1
| #define HAVE_MEMSET 1
| /* end confdefs.h.  */
| /* Define sqrt to an innocuous variant, in case <limits.h> declares sqrt.
|    For example, HP-UX 11i <limits.h> declares gettimeofday.  */
| #define sqrt innocuous_sqrt
| 
| /* System header to define __stub macros and hopefully few prototypes,
|     which can conflict with char sqrt (); below.
|     Prefer <limits.h> to <assert.h> if __STDC__ is defined, since
|     <limits.h> exists even on freestanding compilers.  */
| 
| #ifdef __STDC__
| # include <limits.h>
| #else
| # include <assert.h>
| #endif
| 
| #undef sqrt
| 
| /* Override any GCC internal prototype to avoid an error.
|    Use char because int might match the return type of a GCC
|    builtin and then its argument prototype would still apply.  */
| #ifdef __cplusplus
| extern "C"
| #endif
| char sqrt ();
| /* The GNU C library defines this for functions which it implements
|     to always fail with ENOSYS.  Some functions are actually named
|     something starting with __ and the normal name is an alias.  */
| #if defined __stub_sqrt || defined __stub___sqrt
| choke me
| #endif
| 
| int
| main ()
| {
| return sqrt ();
|   ;
|   return 0;
| }
configure:19552: result: no
configure:19779: creating ./config.status

## ---------------------- ##
## Running config.status. ##
## ---------------------- ##

This file was extended by Body Tracking Benchmark config.status 1.0, which was
generated by GNU Autoconf 2.69.  Invocation command line was

  CONFIG_FILES    = 
  CONFIG_HEADERS  = 
  CONFIG_LINKS    = 
  CONFIG_COMMANDS = 
  $ ./config.status 

on mint

config.status:891: creating Makefile
config.status:891: creating FlexImageLib/Makefile
config.status:891: creating TrackingBenchmark/Makefile
config.status:891: creating TrackingBenchmark/threads/Makefile
config.status:891: creating config.h
config.status:1066: config.h is unchanged
config.status:1113: executing depfiles commands
configure:21076: WARNING: unrecognized options: --enable-pthreads

## ---------------- ##
## Cache variables. ##
## ---------------- ##

ac_cv_build=x86_64-pc-linux-gnu
ac_cv_c_compiler_gnu=yes
ac_cv_c_const=yes
ac_cv_c_inline=inline
ac_cv_cxx_compiler_gnu=yes
ac_cv_env_CCC_set=
ac_cv_env_CCC_value=
ac_cv_env_CC_set=set
ac_cv_env_CC_value=clang
ac_cv_env_CFLAGS_set=set
ac_cv_env_CFLAGS_value='-Xclang -load -Xclang /home/mok/tool/delta_v2/instrumentation-skeleton/build/packages/llvm-passes-skeleton/install/libpasses-opt.so -flto -fpermissive -fno-exceptions -fexceptions -g -I/home/mok/tool/delta_v2/instrumentation-skeleton/bodytrack -I/home/mok/tool/delta_v2/instrumentation-skeleton/bodytrack/FlexImageLib'
ac_cv_env_CPPFLAGS_set=
ac_cv_env_CPPFLAGS_value=
ac_cv_env_CPP_set=
ac_cv_env_CPP_value=
ac_cv_env_CXXCPP_set=
ac_cv_env_CXXCPP_value=
ac_cv_env_CXXFLAGS_set=set
ac_cv_env_CXXFLAGS_value='-Xclang -load -Xclang /home/mok/tool/delta_v2/instrumentation-skeleton/build/packages/llvm-passes-skeleton/install/libpasses-opt.so -flto -fpermissive -fno-exceptions -fexceptions -g -I/home/mok/tool/delta_v2/instrumentation-skeleton/bodytrack -I/home/mok/tool/delta_v2/instrumentation-skeleton/bodytrack/FlexImageLib -std=c++98 '
ac_cv_env_CXX_set=set
ac_cv_env_CXX_value=clang++
ac_cv_env_F77_set=
ac_cv_env_F77_value=
ac_cv_env_FFLAGS_set=
ac_cv_env_FFLAGS_value=
ac_cv_env_LDFLAGS_set=
ac_cv_env_LDFLAGS_value=
ac_cv_env_LIBS_set=
ac_cv_env_LIBS_value=
ac_cv_env_build_alias_set=
ac_cv_env_build_alias_value=
ac_cv_env_host_alias_set=
ac_cv_env_host_alias_value=
ac_cv_env_target_alias_set=
ac_cv_env_target_alias_value=
ac_cv_f77_compiler_gnu=no
ac_cv_func_memset=yes
ac_cv_func_sqrt=no
ac_cv_header_dlfcn_h=yes
ac_cv_header_inttypes_h=yes
ac_cv_header_memory_h=yes
ac_cv_header_pthread_h=yes
ac_cv_header_stdbool_h=yes
ac_cv_header_stdc=yes
ac_cv_header_stdint_h=yes
ac_cv_header_stdlib_h=yes
ac_cv_header_string_h=yes
ac_cv_header_strings_h=yes
ac_cv_header_sys_stat_h=yes
ac_cv_header_sys_types_h=yes
ac_cv_header_time=yes
ac_cv_header_unistd_h=yes
ac_cv_host=x86_64-pc-linux-gnu
ac_cv_lib_pthread=ac_cv_lib_pthread_main
ac_cv_lib_pthread_main=yes
ac_cv_objext=o
ac_cv_path_EGREP='/bin/grep -E'
ac_cv_path_GREP=/bin/grep
ac_cv_path_install='/home/mok/tool/delta_v2/instrumentation-skeleton/build/packages/coreutils-8.22/install/bin/install -c'
ac_cv_prog_AWK=gawk
ac_cv_prog_CPP='clang -E'
ac_cv_prog_CXXCPP='clang++ -E'
ac_cv_prog_ac_ct_AR=ar
ac_cv_prog_ac_ct_CC=clang
ac_cv_prog_ac_ct_RANLIB=ranlib
ac_cv_prog_ac_ct_STRIP=strip
ac_cv_prog_cc_c89=
ac_cv_prog_cc_g=yes
ac_cv_prog_cxx_g=yes
ac_cv_prog_f77_g=no
ac_cv_prog_make_make_set=yes
ac_cv_type__Bool=yes
am_cv_CC_dependencies_compiler_type=gcc3
am_cv_CXX_dependencies_compiler_type=gcc3
lt_cv_deplibs_check_method=pass_all
lt_cv_file_magic_cmd='$MAGIC_CMD'
lt_cv_file_magic_test_file=
lt_cv_ld_reload_flag=-r
lt_cv_objdir=.libs
lt_cv_path_LD=/home/mok/tool/delta_v2/instrumentation-skeleton/build/packages/binutils-2.31.1-gold/install/bin/ld
lt_cv_path_LDCXX=/home/mok/tool/delta_v2/instrumentation-skeleton/build/packages/binutils-2.31.1-gold/install/bin/ld
lt_cv_path_NM='/home/mok/tool/delta_v2/instrumentation-skeleton/build/packages/binutils-2.31.1-gold/install/bin/nm -B'
lt_cv_path_SED=/bin/sed
lt_cv_prog_compiler_c_o=yes
lt_cv_prog_compiler_c_o_CXX=yes
lt_cv_prog_compiler_rtti_exceptions=yes
lt_cv_prog_gnu_ld=yes
lt_cv_prog_gnu_ldcxx=yes
lt_cv_sys_global_symbol_pipe=
lt_cv_sys_global_symbol_to_c_name_address='sed -n -e '\''s/^: \([^ ]*\) $/  {\"\1\", (lt_ptr) 0},/p'\'' -e '\''s/^[BCDEGRST] \([^ ]*\) \([^ ]*\)$/  {"\2", (lt_ptr) \&\2},/p'\'''
lt_cv_sys_global_symbol_to_cdecl=
lt_cv_sys_max_cmd_len=32768
lt_lt_cv_prog_compiler_c_o='"yes"'
lt_lt_cv_prog_compiler_c_o_CXX='"yes"'
lt_lt_cv_sys_global_symbol_pipe='""'
lt_lt_cv_sys_global_symbol_to_c_name_address='"sed -n -e '\''s/^: \\([^ ]*\\) \$/  {\\\"\\1\\\", (lt_ptr) 0},/p'\'' -e '\''s/^[BCDEGRST] \\([^ ]*\\) \\([^ ]*\\)\$/  {\"\\2\", (lt_ptr) \\&\\2},/p'\''"'
lt_lt_cv_sys_global_symbol_to_cdecl='""'

## ----------------- ##
## Output variables. ##
## ----------------- ##

ACLOCAL='${SHELL} /home/mok/tool/delta_v2/instrumentation-skeleton/bodytrack/missing --run aclocal-1.9'
AMDEPBACKSLASH='\'
AMDEP_FALSE='#'
AMDEP_TRUE=''
AMTAR='${SHELL} /home/mok/tool/delta_v2/instrumentation-skeleton/bodytrack/missing --run tar'
AR='ar'
AUTOCONF='${SHELL} /home/mok/tool/delta_v2/instrumentation-skeleton/bodytrack/missing --run autoconf'
AUTOHEADER='${SHELL} /home/mok/tool/delta_v2/instrumentation-skeleton/bodytrack/missing --run autoheader'
AUTOMAKE='${SHELL} /home/mok/tool/delta_v2/instrumentation-skeleton/bodytrack/missing --run automake-1.9'
AWK='gawk'
CC='clang'
CCDEPMODE='depmode=gcc3'
CFLAGS='-Xclang -load -Xclang /home/mok/tool/delta_v2/instrumentation-skeleton/build/packages/llvm-passes-skeleton/install/libpasses-opt.so -flto -fpermissive -fno-exceptions -fexceptions -g -I/home/mok/tool/delta_v2/instrumentation-skeleton/bodytrack -I/home/mok/tool/delta_v2/instrumentation-skeleton/bodytrack/FlexImageLib'
CPP='clang -E'
CPPFLAGS=''
CXX='clang++'
CXXCPP='clang++ -E'
CXXDEPMODE='depmode=gcc3'
CXXFLAGS='-Xclang -load -Xclang /home/mok/tool/delta_v2/instrumentation-skeleton/build/packages/llvm-passes-skeleton/install/libpasses-opt.so -flto -fpermissive -fno-exceptions -fexceptions -g -I/home/mok/tool/delta_v2/instrumentation-skeleton/bodytrack -I/home/mok/tool/delta_v2/instrumentation-skeleton/bodytrack/FlexImageLib -std=c++98  -Wall -Wno-unknown-pragmas -std=c++11'
CYGPATH_W='echo'
DEFS='-DHAVE_CONFIG_H'
DEPDIR='.deps'
ECHO='echo'
ECHO_C=''
ECHO_N='-n'
ECHO_T=''
EGREP='/bin/grep -E'
ENABLE_OPENMP=''
ENABLE_OPENMP_FALSE=''
ENABLE_OPENMP_TRUE='#'
ENABLE_TBB=''
ENABLE_TBB_FALSE=''
ENABLE_TBB_TRUE='#'
ENABLE_THREADS=''
ENABLE_THREADS_FALSE='#'
ENABLE_THREADS_TRUE=''
EXEEXT=''
F77=''
FFLAGS=''
GREP='/bin/grep'
INSTALL_DATA='${INSTALL} -m 644'
INSTALL_PROGRAM='${INSTALL}'
INSTALL_SCRIPT='${INSTALL}'
INSTALL_STRIP_PROGRAM='${SHELL} $(install_sh) -c -s'
LDFLAGS=''
LIBOBJS=''
LIBS='-lpthread '
LIBTOOL='$(SHELL) $(top_builddir)/libtool'
LN_S='ln -s'
LTLIBOBJS=''
MAKEINFO='${SHELL} /home/mok/tool/delta_v2/instrumentation-skeleton/bodytrack/missing --run makeinfo'
OBJEXT='o'
PACKAGE='body-tracking-benchmark'
PACKAGE_BUGREPORT='cbienia@cs.princeton.edu'
PACKAGE_NAME='Body Tracking Benchmark'
PACKAGE_STRING='Body Tracking Benchmark 1.0'
PACKAGE_TARNAME='body-tracking-benchmark'
PACKAGE_URL=''
PACKAGE_VERSION='1.0'
PATH_SEPARATOR=':'
RANLIB='ranlib'
SED='/bin/sed'
SET_MAKE=''
SHELL='/bin/bash'
STRIP='strip'
VERSION='1.0'
ac_ct_CC='clang'
ac_ct_CXX=''
ac_ct_F77=''
am__fastdepCC_FALSE='#'
am__fastdepCC_TRUE=''
am__fastdepCXX_FALSE='#'
am__fastdepCXX_TRUE=''
am__include='include'
am__leading_dot='.'
am__quote=''
am__tar='${AMTAR} chof - "$$tardir"'
am__untar='${AMTAR} xf -'
bindir='${exec_prefix}/bin'
build='x86_64-pc-linux-gnu'
build_alias=''
build_cpu='x86_64'
build_os='linux-gnu'
build_vendor='pc'
datadir='${datarootdir}'
datarootdir='${prefix}/share'
docdir='${datarootdir}/doc/${PACKAGE_TARNAME}'
dvidir='${docdir}'
exec_prefix='${prefix}'
host='x86_64-pc-linux-gnu'
host_alias=''
host_cpu='x86_64'
host_os='linux-gnu'
host_vendor='pc'
htmldir='${docdir}'
includedir='${prefix}/include'
infodir='${datarootdir}/info'
install_sh='/home/mok/tool/delta_v2/instrumentation-skeleton/bodytrack/install-sh'
libdir='${exec_prefix}/lib'
libexecdir='${exec_prefix}/libexec'
localedir='${datarootdir}/locale'
localstatedir='${prefix}/var'
mandir='${datarootdir}/man'
mkdir_p='mkdir -p --'
oldincludedir='/usr/include'
pdfdir='${docdir}'
prefix='/home/mok/tool/delta_v2/instrumentation-skeleton/build/targets/bodytrack/libcallcount'
program_transform_name='s,x,x,'
psdir='${docdir}'
sbindir='${exec_prefix}/sbin'
sharedstatedir='${prefix}/com'
sysconfdir='${prefix}/etc'
target_alias=''

## ----------- ##
## confdefs.h. ##
## ----------- ##

/* confdefs.h */
#define PACKAGE_NAME "Body Tracking Benchmark"
#define PACKAGE_TARNAME "body-tracking-benchmark"
#define PACKAGE_VERSION "1.0"
#define PACKAGE_STRING "Body Tracking Benchmark 1.0"
#define PACKAGE_BUGREPORT "cbienia@cs.princeton.edu"
#define PACKAGE_URL ""
#define PACKAGE "body-tracking-benchmark"
#define VERSION "1.0"
#define STDC_HEADERS 1
#define HAVE_SYS_TYPES_H 1
#define HAVE_SYS_STAT_H 1
#define HAVE_STDLIB_H 1
#define HAVE_STRING_H 1
#define HAVE_MEMORY_H 1
#define HAVE_STRINGS_H 1
#define HAVE_INTTYPES_H 1
#define HAVE_STDINT_H 1
#define HAVE_UNISTD_H 1
#define HAVE_DLFCN_H 1
#define HAVE_LIBPTHREAD 1
#define HAVE_STDINT_H 1
#define STDC_HEADERS 1
#define HAVE__BOOL 1
#define HAVE_STDBOOL_H 1
#define TIME_WITH_SYS_TIME 1
#define HAVE_MEMSET 1
#define USE_THREADS 1

configure: exit 0
