This file contains any messages produced by compilers while
running configure, to aid debugging if configure makes a mistake.

It was created by configure, which was
generated by GNU Autoconf 2.69.  Invocation command line was

  $ ./configure --prefix=/home/mok/tool/delta_v2/instrumentation-skeleton/build/targets/vips/libcallcount

## --------- ##
## Platform. ##
## --------- ##

hostname = mint
uname -m = x86_64
uname -r = 4.15.0-54-generic
uname -s = Linux
uname -v = #58-Ubuntu SMP Mon Jun 24 10:55:24 UTC 2019

/usr/bin/uname -p = unknown
/bin/uname -X     = unknown

/bin/arch              = unknown
/usr/bin/arch -k       = unknown
/usr/convex/getsysinfo = unknown
/usr/bin/hostinfo      = unknown
/bin/machine           = unknown
/usr/bin/oslevel       = unknown
/bin/universe          = unknown

PATH: /home/mok/tool/delta_v2/instrumentation-skeleton/build/packages/llvm-4.0.0/install/bin
PATH: /home/mok/tool/delta_v2/instrumentation-skeleton/build/packages/ninja-1.8.2/install/bin
PATH: /home/mok/tool/delta_v2/instrumentation-skeleton/build/packages/cmake-3.8.2/install/bin
PATH: /home/mok/tool/delta_v2/instrumentation-skeleton/build/packages/automake-1.15.1/install/bin
PATH: /home/mok/tool/delta_v2/instrumentation-skeleton/build/packages/libtool-2.4.6/install/bin
PATH: /home/mok/tool/delta_v2/instrumentation-skeleton/build/packages/autoconf-2.69/install/bin
PATH: /home/mok/tool/delta_v2/instrumentation-skeleton/build/packages/m4-1.4.18/install/bin
PATH: /home/mok/tool/delta_v2/instrumentation-skeleton/build/packages/binutils-2.31.1-gold/install/bin
PATH: /home/mok/tool/delta_v2/instrumentation-skeleton/build/packages/coreutils-8.22/install/bin
PATH: /home/mok/tool/delta_v2/instrumentation-skeleton/build/packages/bash-4.3/install/bin
PATH: /home/mok/tool/delta_v2/instrumentation-skeleton/build/packages/llvm-4.0.0/install/bin
PATH: /home/mok/tool/delta_v2/instrumentation-skeleton/build/packages/ninja-1.8.2/install/bin
PATH: /home/mok/tool/delta_v2/instrumentation-skeleton/build/packages/cmake-3.8.2/install/bin
PATH: /home/mok/tool/delta_v2/instrumentation-skeleton/build/packages/automake-1.15.1/install/bin
PATH: /home/mok/tool/delta_v2/instrumentation-skeleton/build/packages/libtool-2.4.6/install/bin
PATH: /home/mok/tool/delta_v2/instrumentation-skeleton/build/packages/autoconf-2.69/install/bin
PATH: /home/mok/tool/delta_v2/instrumentation-skeleton/build/packages/m4-1.4.18/install/bin
PATH: /home/mok/tool/delta_v2/instrumentation-skeleton/build/packages/binutils-2.31.1-gold/install/bin
PATH: /home/mok/tool/delta_v2/instrumentation-skeleton/build/packages/coreutils-8.22/install/bin
PATH: /home/mok/tool/delta_v2/instrumentation-skeleton/build/packages/bash-4.3/install/bin
PATH: /home/mok/.local/bin
PATH: /usr/local/sbin
PATH: /usr/local/bin
PATH: /usr/sbin
PATH: /usr/bin
PATH: /sbin
PATH: /bin
PATH: /usr/games
PATH: /usr/local/games
PATH: /home/mok/.local/bin
PATH: /home/mok/project/SVF_/build/bin


## ----------- ##
## Core tests. ##
## ----------- ##

configure:2849: checking for a BSD-compatible install
configure:2917: result: /home/mok/tool/delta_v2/instrumentation-skeleton/build/packages/coreutils-8.22/install/bin/install -c
configure:2928: checking whether build environment is sane
configure:2978: result: yes
configure:3119: checking for a thread-safe mkdir -p
configure:3158: result: /home/mok/tool/delta_v2/instrumentation-skeleton/build/packages/coreutils-8.22/install/bin/mkdir -p
configure:3171: checking for gawk
configure:3187: found /usr/bin/gawk
configure:3198: result: gawk
configure:3209: checking whether make sets $(MAKE)
configure:3231: result: yes
configure:3328: checking build system type
configure:3342: result: x86_64-pc-linux-gnu
configure:3362: checking host system type
configure:3375: result: x86_64-pc-linux-gnu
configure:3423: checking for native Win32
configure:3433: result: no
configure:3468: checking for binary open needed
configure:3478: result: no
configure:3486: checking for Mac OS X
configure:3496: result: no
configure:3532: checking for style of include used by make
configure:3560: result: GNU
configure:3630: checking for gcc
configure:3657: result: clang
configure:3886: checking for C compiler version
configure:3895: clang --version >&5
clang version 4.0.0 (tags/RELEASE_400/final)
Target: x86_64-unknown-linux-gnu
Thread model: posix
InstalledDir: /home/mok/tool/delta_v2/instrumentation-skeleton/build/packages/llvm-4.0.0/install/bin
configure:3906: $? = 0
configure:3895: clang -v >&5
clang version 4.0.0 (tags/RELEASE_400/final)
Target: x86_64-unknown-linux-gnu
Thread model: posix
InstalledDir: /home/mok/tool/delta_v2/instrumentation-skeleton/build/packages/llvm-4.0.0/install/bin
Found candidate GCC installation: /usr/lib/gcc/i686-linux-gnu/8
Found candidate GCC installation: /usr/lib/gcc/x86_64-linux-gnu/7
Found candidate GCC installation: /usr/lib/gcc/x86_64-linux-gnu/7.5.0
Found candidate GCC installation: /usr/lib/gcc/x86_64-linux-gnu/8
Selected GCC installation: /usr/lib/gcc/x86_64-linux-gnu/7.5.0
Candidate multilib: .;@m64
... rest of stderr output deleted ...
configure:3906: $? = 0
configure:3895: clang -V >&5
clang-4.0: error: argument to '-V' is missing (expected 1 value)
clang-4.0: error: no input files
configure:3906: $? = 1
configure:3895: clang -qversion >&5
clang-4.0: error: unknown argument: '-qversion'
clang-4.0: error: no input files
configure:3906: $? = 1
configure:3926: checking whether the C compiler works
configure:3948: clang -Xclang -load -Xclang /home/mok/tool/delta_v2/instrumentation-skeleton/build/packages/llvm-passes-skeleton/install/libpasses-opt.so -flto -lxml2 -lgcc -I/usr/include/glib-2.0 -I/usr/lib/x86_64-linux-gnu/glib-2.0/include -lglib-2.0   conftest.c  >&5
/home/mok/tool/delta_v2/instrumentation-skeleton/build/packages/binutils-2.31.1-gold/install/bin/ld: error: cannot find -lxml2
clang-4.0: error: linker command failed with exit code 1 (use -v to see invocation)
configure:3952: $? = 1
configure:3990: result: no
configure: failed program was:
| /* confdefs.h */
| #define PACKAGE_NAME ""
| #define PACKAGE_TARNAME ""
| #define PACKAGE_VERSION ""
| #define PACKAGE_STRING ""
| #define PACKAGE_BUGREPORT ""
| #define PACKAGE_URL ""
| #define PACKAGE "vips"
| #define VERSION "7.22.1"
| #define G_LOG_DOMAIN "VIPS"
| #define VIPS_ICC_DIR "/usr/share/color/icc"
| /* end confdefs.h.  */
| 
| int
| main ()
| {
| 
|   ;
|   return 0;
| }
configure:3995: error: in `/home/mok/tool/delta_v2/instrumentation-skeleton/vips':
configure:3997: error: C compiler cannot create executables
See `config.log' for more details

## ---------------- ##
## Cache variables. ##
## ---------------- ##

ac_cv_build=x86_64-pc-linux-gnu
ac_cv_env_CCC_set=
ac_cv_env_CCC_value=
ac_cv_env_CC_set=set
ac_cv_env_CC_value=clang
ac_cv_env_CFLAGS_set=set
ac_cv_env_CFLAGS_value='-Xclang -load -Xclang /home/mok/tool/delta_v2/instrumentation-skeleton/build/packages/llvm-passes-skeleton/install/libpasses-opt.so -flto -lxml2 -lgcc -I/usr/include/glib-2.0 -I/usr/lib/x86_64-linux-gnu/glib-2.0/include -lglib-2.0'
ac_cv_env_CPPFLAGS_set=
ac_cv_env_CPPFLAGS_value=
ac_cv_env_CPP_set=
ac_cv_env_CPP_value=
ac_cv_env_CXXCPP_set=
ac_cv_env_CXXCPP_value=
ac_cv_env_CXXFLAGS_set=set
ac_cv_env_CXXFLAGS_value='-Xclang -load -Xclang /home/mok/tool/delta_v2/instrumentation-skeleton/build/packages/llvm-passes-skeleton/install/libpasses-opt.so -flto -lxml2 -lgcc -I/usr/include/glib-2.0 -I/usr/lib/x86_64-linux-gnu/glib-2.0/include -lglib-2.0'
ac_cv_env_CXX_set=set
ac_cv_env_CXX_value=clang++
ac_cv_env_EXIF_CFLAGS_set=
ac_cv_env_EXIF_CFLAGS_value=
ac_cv_env_EXIF_LIBS_set=
ac_cv_env_EXIF_LIBS_value=
ac_cv_env_FFTW3_CFLAGS_set=
ac_cv_env_FFTW3_CFLAGS_value=
ac_cv_env_FFTW3_LIBS_set=
ac_cv_env_FFTW3_LIBS_value=
ac_cv_env_GTHREAD_CFLAGS_set=
ac_cv_env_GTHREAD_CFLAGS_value=
ac_cv_env_GTHREAD_LIBS_set=
ac_cv_env_GTHREAD_LIBS_value=
ac_cv_env_IMAGE_MAGICK_CFLAGS_set=
ac_cv_env_IMAGE_MAGICK_CFLAGS_value=
ac_cv_env_IMAGE_MAGICK_LIBS_set=
ac_cv_env_IMAGE_MAGICK_LIBS_value=
ac_cv_env_LCMS_CFLAGS_set=
ac_cv_env_LCMS_CFLAGS_value=
ac_cv_env_LCMS_LIBS_set=
ac_cv_env_LCMS_LIBS_value=
ac_cv_env_LDFLAGS_set=
ac_cv_env_LDFLAGS_value=
ac_cv_env_LIBOIL_CFLAGS_set=
ac_cv_env_LIBOIL_CFLAGS_value=
ac_cv_env_LIBOIL_LIBS_set=
ac_cv_env_LIBOIL_LIBS_value=
ac_cv_env_LIBS_set=
ac_cv_env_LIBS_value=
ac_cv_env_MAGICK_CFLAGS_set=
ac_cv_env_MAGICK_CFLAGS_value=
ac_cv_env_MAGICK_LIBS_set=
ac_cv_env_MAGICK_LIBS_value=
ac_cv_env_MAGICK_WAND_CFLAGS_set=
ac_cv_env_MAGICK_WAND_CFLAGS_value=
ac_cv_env_MAGICK_WAND_LIBS_set=
ac_cv_env_MAGICK_WAND_LIBS_value=
ac_cv_env_MATIO_CFLAGS_set=
ac_cv_env_MATIO_CFLAGS_value=
ac_cv_env_MATIO_LIBS_set=
ac_cv_env_MATIO_LIBS_value=
ac_cv_env_OPENEXR_CFLAGS_set=
ac_cv_env_OPENEXR_CFLAGS_value=
ac_cv_env_OPENEXR_LIBS_set=
ac_cv_env_OPENEXR_LIBS_value=
ac_cv_env_PANGOFT2_CFLAGS_set=
ac_cv_env_PANGOFT2_CFLAGS_value=
ac_cv_env_PANGOFT2_LIBS_set=
ac_cv_env_PANGOFT2_LIBS_value=
ac_cv_env_PKG_CONFIG_set=
ac_cv_env_PKG_CONFIG_value=
ac_cv_env_PNG_CFLAGS_set=
ac_cv_env_PNG_CFLAGS_value=
ac_cv_env_PNG_LIBS_set=
ac_cv_env_PNG_LIBS_value=
ac_cv_env_REQUIRED_CFLAGS_set=
ac_cv_env_REQUIRED_CFLAGS_value=
ac_cv_env_REQUIRED_LIBS_set=
ac_cv_env_REQUIRED_LIBS_value=
ac_cv_env_XMKMF_set=
ac_cv_env_XMKMF_value=
ac_cv_env_build_alias_set=
ac_cv_env_build_alias_value=
ac_cv_env_host_alias_set=
ac_cv_env_host_alias_value=
ac_cv_env_target_alias_set=
ac_cv_env_target_alias_value=
ac_cv_host=x86_64-pc-linux-gnu
ac_cv_path_install='/home/mok/tool/delta_v2/instrumentation-skeleton/build/packages/coreutils-8.22/install/bin/install -c'
ac_cv_path_mkdir=/home/mok/tool/delta_v2/instrumentation-skeleton/build/packages/coreutils-8.22/install/bin/mkdir
ac_cv_prog_AWK=gawk
ac_cv_prog_ac_ct_CC=clang
ac_cv_prog_make_make_set=yes

## ----------------- ##
## Output variables. ##
## ----------------- ##

ACLOCAL='${SHELL} /home/mok/tool/delta_v2/instrumentation-skeleton/vips/missing --run aclocal-1.11'
AMDEPBACKSLASH='\'
AMDEP_FALSE='#'
AMDEP_TRUE=''
AMTAR='${SHELL} /home/mok/tool/delta_v2/instrumentation-skeleton/vips/missing --run tar'
AR=''
AS=''
AUTOCONF='${SHELL} /home/mok/tool/delta_v2/instrumentation-skeleton/vips/missing --run autoconf'
AUTOHEADER='${SHELL} /home/mok/tool/delta_v2/instrumentation-skeleton/vips/missing --run autoheader'
AUTOMAKE='${SHELL} /home/mok/tool/delta_v2/instrumentation-skeleton/vips/missing --run automake-1.11'
AWK='gawk'
CATALOGS=''
CATOBJEXT=''
CC='clang'
CCDEPMODE=''
CFLAGS='-Xclang -load -Xclang /home/mok/tool/delta_v2/instrumentation-skeleton/build/packages/llvm-passes-skeleton/install/libpasses-opt.so -flto -lxml2 -lgcc -I/usr/include/glib-2.0 -I/usr/lib/x86_64-linux-gnu/glib-2.0/include -lglib-2.0'
CPP=''
CPPFLAGS=''
CXX='clang++'
CXXCPP=''
CXXDEPMODE=''
CXXFLAGS='-Xclang -load -Xclang /home/mok/tool/delta_v2/instrumentation-skeleton/build/packages/llvm-passes-skeleton/install/libpasses-opt.so -flto -lxml2 -lgcc -I/usr/include/glib-2.0 -I/usr/lib/x86_64-linux-gnu/glib-2.0/include -lglib-2.0'
CYGPATH_W='echo'
DATADIRNAME=''
DEFS=''
DEPDIR='.deps'
DLLTOOL=''
DLLWRAP=''
DSYMUTIL=''
DUMPBIN=''
ECHO_C=''
ECHO_N='-n'
ECHO_T=''
EGREP=''
ENABLE_CXX_FALSE=''
ENABLE_CXX_TRUE=''
ENABLE_GTK_DOC_FALSE=''
ENABLE_GTK_DOC_TRUE=''
ENABLE_LINKS_FALSE=''
ENABLE_LINKS_TRUE=''
EXEEXT=''
EXIF_CFLAGS=''
EXIF_LIBS=''
FFTW3_CFLAGS=''
FFTW3_LIBS=''
FGREP=''
GETTEXT_PACKAGE=''
GMOFILES=''
GMSGFMT=''
GREP=''
GTHREAD_CFLAGS=''
GTHREAD_LIBS=''
GTKDOC_CHECK=''
GTKDOC_MKPDF=''
GTKDOC_REBASE=''
GTK_DOC_BUILD_HTML_FALSE=''
GTK_DOC_BUILD_HTML_TRUE=''
GTK_DOC_BUILD_PDF_FALSE=''
GTK_DOC_BUILD_PDF_TRUE=''
GTK_DOC_USE_LIBTOOL_FALSE=''
GTK_DOC_USE_LIBTOOL_TRUE=''
GTK_DOC_USE_REBASE_FALSE=''
GTK_DOC_USE_REBASE_TRUE=''
HAVE_PYTHON_FALSE=''
HAVE_PYTHON_TRUE=''
HTML_DIR=''
IMAGE_MAGICK_CFLAGS=''
IMAGE_MAGICK_LIBS=''
IM_LIBDIR=''
IM_MAJOR_VERSION='7'
IM_MICRO_VERSION='1'
IM_MINOR_VERSION='22'
IM_VERSION='7.22.1'
IM_VERSION_STRING='7.22.1-Wed May 20 16:04:51 KST 2020'
INSTALL_DATA='${INSTALL} -m 644'
INSTALL_PROGRAM='${INSTALL}'
INSTALL_SCRIPT='${INSTALL}'
INSTALL_STRIP_PROGRAM='$(install_sh) -c -s'
INSTOBJEXT=''
INTLLIBS=''
JPEG_INCLUDES=''
JPEG_LIBS=''
LCMS_CFLAGS=''
LCMS_LIBS=''
LD=''
LDFLAGS=''
LIBOBJS=''
LIBOIL_CFLAGS=''
LIBOIL_LIBS=''
LIBRARY_AGE='14'
LIBRARY_CURRENT='29'
LIBRARY_REVISION='2'
LIBS=''
LIBTOOL=''
LIPO=''
LN_S=''
LTLIBOBJS=''
MAGICK_CFLAGS=''
MAGICK_LIBS=''
MAGICK_WAND_CFLAGS=''
MAGICK_WAND_LIBS=''
MAKEINFO='${SHELL} /home/mok/tool/delta_v2/instrumentation-skeleton/vips/missing --run makeinfo'
MATIO_CFLAGS=''
MATIO_LIBS=''
MKDIR_P='/home/mok/tool/delta_v2/instrumentation-skeleton/build/packages/coreutils-8.22/install/bin/mkdir -p'
MKINSTALLDIRS=''
MSGFMT=''
MSGFMT_OPTS=''
NM=''
NMEDIT=''
OBJDUMP=''
OBJEXT=''
OPENEXR_CFLAGS=''
OPENEXR_LIBS=''
OS_WIN32_FALSE=''
OS_WIN32_TRUE='#'
OTOOL64=''
OTOOL=''
PACKAGE='vips'
PACKAGES_USED=''
PACKAGE_BUGREPORT=''
PACKAGE_NAME=''
PACKAGE_STRING=''
PACKAGE_TARNAME=''
PACKAGE_URL=''
PACKAGE_VERSION=''
PANGOFT2_CFLAGS=''
PANGOFT2_LIBS=''
PATH_SEPARATOR=':'
PKG_CONFIG=''
PNG_CFLAGS=''
PNG_INCLUDES=''
PNG_LIBS=''
POFILES=''
POSUB=''
PO_IN_DATADIR_FALSE=''
PO_IN_DATADIR_TRUE=''
PYTHON=''
PYTHON_EXEC_PREFIX=''
PYTHON_INCLUDES=''
PYTHON_PLATFORM=''
PYTHON_PREFIX=''
PYTHON_VERSION=''
RANLIB=''
REQUIRED_CFLAGS=''
REQUIRED_LIBS=''
SED=''
SET_MAKE=''
SHELL='/bin/bash'
STRIP=''
TIFF_INCLUDES=''
TIFF_LIBS=''
USE_NLS=''
VERSION='7.22.1'
VIPS_CFLAGS=''
VIPS_CXX_LIBS=''
VIPS_INCLUDES=''
VIPS_LIBS=''
XGETTEXT=''
XMKMF=''
X_CFLAGS=''
X_EXTRA_LIBS=''
X_LIBS=''
X_PRE_LIBS=''
ZIP_INCLUDES=''
ZIP_LIBS=''
ac_ct_CC='clang'
ac_ct_CXX=''
ac_ct_DUMPBIN=''
am__EXEEXT_FALSE=''
am__EXEEXT_TRUE=''
am__fastdepCC_FALSE=''
am__fastdepCC_TRUE=''
am__fastdepCXX_FALSE=''
am__fastdepCXX_TRUE=''
am__include='include'
am__isrc=''
am__leading_dot='.'
am__quote=''
am__tar='${AMTAR} chof - "$$tardir"'
am__untar='${AMTAR} xf -'
bindir='${exec_prefix}/bin'
build='x86_64-pc-linux-gnu'
build_alias=''
build_cpu='x86_64'
build_os='linux-gnu'
build_vendor='pc'
datadir='${datarootdir}'
datarootdir='${prefix}/share'
docdir='${datarootdir}/doc/${PACKAGE}'
dvidir='${docdir}'
exec_prefix='NONE'
host='x86_64-pc-linux-gnu'
host_alias=''
host_cpu='x86_64'
host_os='linux-gnu'
host_vendor='pc'
htmldir='${docdir}'
includedir='${prefix}/include'
infodir='${datarootdir}/info'
install_sh='${SHELL} /home/mok/tool/delta_v2/instrumentation-skeleton/vips/install-sh'
libdir='${exec_prefix}/lib'
libexecdir='${exec_prefix}/libexec'
localedir='${datarootdir}/locale'
localstatedir='${prefix}/var'
lt_ECHO='echo'
mandir='${datarootdir}/man'
mkdir_p='/home/mok/tool/delta_v2/instrumentation-skeleton/build/packages/coreutils-8.22/install/bin/mkdir -p'
oldincludedir='/usr/include'
pdfdir='${docdir}'
pkgpyexecdir=''
pkgpythondir=''
prefix='/home/mok/tool/delta_v2/instrumentation-skeleton/build/targets/vips/libcallcount'
program_transform_name='s,x,x,'
psdir='${docdir}'
pyexecdir=''
pythondir=''
sbindir='${exec_prefix}/sbin'
sharedstatedir='${prefix}/com'
sysconfdir='${prefix}/etc'
target_alias=''
top_srcdir=''

## ----------- ##
## confdefs.h. ##
## ----------- ##

/* confdefs.h */
#define PACKAGE_NAME ""
#define PACKAGE_TARNAME ""
#define PACKAGE_VERSION ""
#define PACKAGE_STRING ""
#define PACKAGE_BUGREPORT ""
#define PACKAGE_URL ""
#define PACKAGE "vips"
#define VERSION "7.22.1"
#define G_LOG_DOMAIN "VIPS"
#define VIPS_ICC_DIR "/usr/share/color/icc"

configure: exit 77
